Build started 08/07/2015 10:15:15.
     1>Project "F:\Final_Assignments\JamesRobertsonPGAG2\Program\Failed Attempt One\PGG_Lab14\PGG_Lab14.vcxproj" on node 2 (Build target(s)).
     1>ClCompile:
         C:\Program Files (x86)\Microsoft Visual Studio 12.0\VC\bin\CL.exe /c /ISDKS\glm /I"SDKS\SDL2-2.0.3\include" /ZI /nologo /W3 /WX- /Od /Oy- /D WIN32 /D _DEBUG /D _CONSOLE /D GLEW_STATIC /D _UNICODE /D UNICODE /Gm /EHsc /RTC1 /MDd /GS /fp:precise /Zc:wchar_t /Zc:forScope /Fo"Debug\\" /Fd"Debug\vc120.pdb" /Gd /TP /analyze- /errorReport:prompt GameWorld.cpp
         GameWorld.cpp
     1>f:\final_assignments\jamesrobertsonpgag2\program\failed attempt one\pgg_lab14\gameworld.cpp(21): warning C4316: 'Camera' : object allocated on the heap may not be aligned 16
     1>f:\final_assignments\jamesrobertsonpgag2\program\failed attempt one\pgg_lab14\gameworld.cpp(112): warning C4316: 'GameModel' : object allocated on the heap may not be aligned 16
     1>f:\final_assignments\jamesrobertsonpgag2\program\failed attempt one\pgg_lab14\gameworld.cpp(113): warning C4316: 'GameModel' : object allocated on the heap may not be aligned 16
     1>f:\final_assignments\jamesrobertsonpgag2\program\failed attempt one\pgg_lab14\gameworld.cpp(224): warning C4244: 'argument' : conversion from 'double' to 'float', possible loss of data
     1>f:\final_assignments\jamesrobertsonpgag2\program\failed attempt one\pgg_lab14\gameworld.cpp(161): warning C4700: uninitialized local variable 'temp' used
       Link:
         C:\Program Files (x86)\Microsoft Visual Studio 12.0\VC\bin\link.exe /ERRORREPORT:PROMPT /OUT:"F:\Final_Assignments\JamesRobertsonPGAG2\Program\Failed Attempt One\Debug\PGG_Lab14.exe" /INCREMENTAL /NOLOGO /LIBPATH:"SDKS\SDL2-2.0.3\lib\x86" /LIBPATH:"\\bournemouth.ac.uk\data\student\home\DEC\i7291351\Desktop\BlackJack_The_Third\Failed Attempt One\pgg_lab14\SDKS\SDL2_image-2.0.0" SDL2.lib SDL2main.lib OpenGL32.lib XINPUT9_1_0.lib SDL2_image.lib kernel32.lib user32.lib gdi32.lib winspool.lib comdlg32.lib advapi32.lib shell32.lib ole32.lib oleaut32.lib uuid.lib odbc32.lib odbccp32.lib /MANIFEST /MANIFESTUAC:"level='asInvoker' uiAccess='false'" /manifest:embed /DEBUG /PDB:"F:\Final_Assignments\JamesRobertsonPGAG2\Program\Failed Attempt One\Debug\PGG_Lab14.pdb" /SUBSYSTEM:CONSOLE /TLBID:1 /DYNAMICBASE /NXCOMPAT /IMPLIB:"F:\Final_Assignments\JamesRobertsonPGAG2\Program\Failed Attempt One\Debug\PGG_Lab14.lib" /MACHINE:X86 Debug\Camera.obj
         Debug\Controller.obj
         Debug\GameModel.obj
         Debug\GameWorld.obj
         Debug\glew.obj
         Debug\Main.obj
         Debug\Menu.obj
         Debug\ObjLoader.obj
         PGG_Lab14.vcxproj -> F:\Final_Assignments\JamesRobertsonPGAG2\Program\Failed Attempt One\Debug\PGG_Lab14.exe
     1>Done Building Project "F:\Final_Assignments\JamesRobertsonPGAG2\Program\Failed Attempt One\PGG_Lab14\PGG_Lab14.vcxproj" (Build target(s)).

Build succeeded.

Time Elapsed 00:00:27.23
