e:\new pgag april furst\failed attempt one\pgg_lab14\debug\vc120.pdb
e:\new pgag april furst\failed attempt one\pgg_lab14\debug\vc120.idb
e:\new pgag april furst\failed attempt one\pgg_lab14\debug\camera.obj
e:\new pgag april furst\failed attempt one\pgg_lab14\debug\controller.obj
e:\new pgag april furst\failed attempt one\pgg_lab14\debug\enviroment.obj
e:\new pgag april furst\failed attempt one\pgg_lab14\debug\gamemodel.obj
e:\new pgag april furst\failed attempt one\pgg_lab14\debug\gameworld.obj
e:\new pgag april furst\failed attempt one\pgg_lab14\debug\glew.obj
e:\new pgag april furst\failed attempt one\pgg_lab14\debug\main.obj
e:\new pgag april furst\failed attempt one\pgg_lab14\debug\menu.obj
e:\new pgag april furst\failed attempt one\pgg_lab14\debug\objloader.obj
e:\new pgag april furst\failed attempt one\debug\pgg_lab14.ilk
e:\new pgag april furst\failed attempt one\debug\pgg_lab14.exe
e:\new pgag april furst\failed attempt one\debug\pgg_lab14.pdb
e:\new pgag april furst\failed attempt one\pgg_lab14\debug\pgg_lab14.tlog\cl.command.1.tlog
e:\new pgag april furst\failed attempt one\pgg_lab14\debug\pgg_lab14.tlog\cl.read.1.tlog
e:\new pgag april furst\failed attempt one\pgg_lab14\debug\pgg_lab14.tlog\cl.write.1.tlog
e:\new pgag april furst\failed attempt one\pgg_lab14\debug\pgg_lab14.tlog\link.command.1.tlog
e:\new pgag april furst\failed attempt one\pgg_lab14\debug\pgg_lab14.tlog\link.read.1.tlog
e:\new pgag april furst\failed attempt one\pgg_lab14\debug\pgg_lab14.tlog\link.write.1.tlog
